This file contains any messages produced by compilers while
running configure, to aid debugging if configure makes a mistake.

It was created by Money configure 0.3, which was
generated by GNU Autoconf 2.69.  Invocation command line was

  $ ./configure 

## --------- ##
## Platform. ##
## --------- ##

hostname = qi203-HP-ENVY-TS-15-Notebook-PC
uname -m = x86_64
uname -r = 4.4.0-57-generic
uname -s = Linux
uname -v = #78-Ubuntu SMP Fri Dec 9 23:50:32 UTC 2016

/usr/bin/uname -p = unknown
/bin/uname -X     = unknown

/bin/arch              = unknown
/usr/bin/arch -k       = unknown
/usr/convex/getsysinfo = unknown
/usr/bin/hostinfo      = unknown
/bin/machine           = unknown
/usr/bin/oslevel       = unknown
/bin/universe          = unknown

PATH: /home/qi203/.rbenv/plugins/ruby-build/bin
PATH: /home/qi203/.rbenv/shims
PATH: /home/qi203/.rbenv/bin
PATH: /home/qi203/bin
PATH: /home/qi203/.local/bin
PATH: /usr/local/sbin
PATH: /usr/local/bin
PATH: /usr/sbin
PATH: /usr/bin
PATH: /sbin
PATH: /bin
PATH: /usr/games
PATH: /usr/local/games
PATH: /snap/bin


## ----------- ##
## Core tests. ##
## ----------- ##

configure:2297: checking for gcc
configure:2313: found /usr/bin/gcc
configure:2324: result: gcc
configure:2553: checking for C compiler version
configure:2562: gcc --version >&5
gcc (Ubuntu 5.4.0-6ubuntu1~16.04.1) 5.4.0 20160609
Copyright (C) 2015 Free Software Foundation, Inc.
This is free software; see the source for copying conditions.  There is NO
warranty; not even for MERCHANTABILITY or FITNESS FOR A PARTICULAR PURPOSE.

configure:2573: $? = 0
configure:2562: gcc -v >&5
Using built-in specs.
COLLECT_GCC=gcc
COLLECT_LTO_WRAPPER=/usr/lib/gcc/x86_64-linux-gnu/5/lto-wrapper
Target: x86_64-linux-gnu
Configured with: ../src/configure -v --with-pkgversion='Ubuntu 5.4.0-6ubuntu1~16.04.1' --with-bugurl=file:///usr/share/doc/gcc-5/README.Bugs --enable-languages=c,ada,c++,java,go,d,fortran,objc,obj-c++ --prefix=/usr --program-suffix=-5 --enable-shared --enable-linker-build-id --libexecdir=/usr/lib --without-included-gettext --enable-threads=posix --libdir=/usr/lib --enable-nls --with-sysroot=/ --enable-clocale=gnu --enable-libstdcxx-debug --enable-libstdcxx-time=yes --with-default-libstdcxx-abi=new --enable-gnu-unique-object --disable-vtable-verify --enable-libmpx --enable-plugin --with-system-zlib --disable-browser-plugin --enable-java-awt=gtk --enable-gtk-cairo --with-java-home=/usr/lib/jvm/java-1.5.0-gcj-5-amd64/jre --enable-java-home --with-jvm-root-dir=/usr/lib/jvm/java-1.5.0-gcj-5-amd64 --with-jvm-jar-dir=/usr/lib/jvm-exports/java-1.5.0-gcj-5-amd64 --with-arch-directory=amd64 --with-ecj-jar=/usr/share/java/eclipse-ecj.jar --enable-objc-gc --enable-multiarch --disable-werror --with-arch-32=i686 --with-abi=m64 --with-multilib-list=m32,m64,mx32 --enable-multilib --with-tune=generic --enable-checking=release --build=x86_64-linux-gnu --host=x86_64-linux-gnu --target=x86_64-linux-gnu
Thread model: posix
gcc version 5.4.0 20160609 (Ubuntu 5.4.0-6ubuntu1~16.04.1) 
configure:2573: $? = 0
configure:2562: gcc -V >&5
gcc: error: unrecognized command line option '-V'
gcc: fatal error: no input files
compilation terminated.
configure:2573: $? = 1
configure:2562: gcc -qversion >&5
gcc: error: unrecognized command line option '-qversion'
gcc: fatal error: no input files
compilation terminated.
configure:2573: $? = 1
configure:2593: checking whether the C compiler works
configure:2615: gcc    conftest.c  >&5
configure:2619: $? = 0
configure:2667: result: yes
configure:2670: checking for C compiler default output file name
configure:2672: result: a.out
configure:2678: checking for suffix of executables
configure:2685: gcc -o conftest    conftest.c  >&5
configure:2689: $? = 0
configure:2711: result: 
configure:2733: checking whether we are cross compiling
configure:2741: gcc -o conftest    conftest.c  >&5
configure:2745: $? = 0
configure:2752: ./conftest
configure:2756: $? = 0
configure:2771: result: no
configure:2776: checking for suffix of object files
configure:2798: gcc -c   conftest.c >&5
configure:2802: $? = 0
configure:2823: result: o
configure:2827: checking whether we are using the GNU C compiler
configure:2846: gcc -c   conftest.c >&5
configure:2846: $? = 0
configure:2855: result: yes
configure:2864: checking whether gcc accepts -g
configure:2884: gcc -c -g  conftest.c >&5
configure:2884: $? = 0
configure:2925: result: yes
configure:2942: checking for gcc option to accept ISO C89
configure:3005: gcc  -c -g -O2  conftest.c >&5
configure:3005: $? = 0
configure:3018: result: none needed
configure:3043: checking whether gcc understands -c and -o together
configure:3065: gcc -c conftest.c -o conftest2.o
configure:3068: $? = 0
configure:3065: gcc -c conftest.c -o conftest2.o
configure:3068: $? = 0
configure:3080: result: yes
configure:3147: checking for ar
configure:3163: found /usr/bin/ar
configure:3174: result: ar
configure:3200: checking the archiver (ar) interface
configure:3216: gcc -c -g -O2  conftest.c >&5
configure:3216: $? = 0
configure:3218: ar cru libconftest.a conftest.o >&5
ar: `u' modifier ignored since `D' is the default (see `U')
configure:3221: $? = 0
configure:3249: result: ar
configure:3294: checking for a BSD-compatible install
configure:3362: result: /usr/bin/install -c
configure:3373: checking whether build environment is sane
configure:3428: result: yes
configure:3576: checking for a thread-safe mkdir -p
configure:3615: result: /bin/mkdir -p
configure:3622: checking for gawk
configure:3652: result: no
configure:3622: checking for mawk
configure:3638: found /usr/bin/mawk
configure:3649: result: mawk
configure:3660: checking whether make sets $(MAKE)
configure:3682: result: yes
configure:3712: checking for style of include used by make
configure:3740: result: GNU
configure:3774: checking whether make supports nested variables
configure:3791: result: yes
configure:3876: checking dependency style of gcc
configure:3987: result: gcc3
configure:4095: checking for gcc
configure:4122: result: gcc
configure:4351: checking for C compiler version
configure:4360: gcc --version >&5
gcc (Ubuntu 5.4.0-6ubuntu1~16.04.1) 5.4.0 20160609
Copyright (C) 2015 Free Software Foundation, Inc.
This is free software; see the source for copying conditions.  There is NO
warranty; not even for MERCHANTABILITY or FITNESS FOR A PARTICULAR PURPOSE.

configure:4371: $? = 0
configure:4360: gcc -v >&5
Using built-in specs.
COLLECT_GCC=gcc
COLLECT_LTO_WRAPPER=/usr/lib/gcc/x86_64-linux-gnu/5/lto-wrapper
Target: x86_64-linux-gnu
Configured with: ../src/configure -v --with-pkgversion='Ubuntu 5.4.0-6ubuntu1~16.04.1' --with-bugurl=file:///usr/share/doc/gcc-5/README.Bugs --enable-languages=c,ada,c++,java,go,d,fortran,objc,obj-c++ --prefix=/usr --program-suffix=-5 --enable-shared --enable-linker-build-id --libexecdir=/usr/lib --without-included-gettext --enable-threads=posix --libdir=/usr/lib --enable-nls --with-sysroot=/ --enable-clocale=gnu --enable-libstdcxx-debug --enable-libstdcxx-time=yes --with-default-libstdcxx-abi=new --enable-gnu-unique-object --disable-vtable-verify --enable-libmpx --enable-plugin --with-system-zlib --disable-browser-plugin --enable-java-awt=gtk --enable-gtk-cairo --with-java-home=/usr/lib/jvm/java-1.5.0-gcj-5-amd64/jre --enable-java-home --with-jvm-root-dir=/usr/lib/jvm/java-1.5.0-gcj-5-amd64 --with-jvm-jar-dir=/usr/lib/jvm-exports/java-1.5.0-gcj-5-amd64 --with-arch-directory=amd64 --with-ecj-jar=/usr/share/java/eclipse-ecj.jar --enable-objc-gc --enable-multiarch --disable-werror --with-arch-32=i686 --with-abi=m64 --with-multilib-list=m32,m64,mx32 --enable-multilib --with-tune=generic --enable-checking=release --build=x86_64-linux-gnu --host=x86_64-linux-gnu --target=x86_64-linux-gnu
Thread model: posix
gcc version 5.4.0 20160609 (Ubuntu 5.4.0-6ubuntu1~16.04.1) 
configure:4371: $? = 0
configure:4360: gcc -V >&5
gcc: error: unrecognized command line option '-V'
gcc: fatal error: no input files
compilation terminated.
configure:4371: $? = 1
configure:4360: gcc -qversion >&5
gcc: error: unrecognized command line option '-qversion'
gcc: fatal error: no input files
compilation terminated.
configure:4371: $? = 1
configure:4375: checking whether we are using the GNU C compiler
configure:4403: result: yes
configure:4412: checking whether gcc accepts -g
configure:4473: result: yes
configure:4490: checking for gcc option to accept ISO C89
configure:4566: result: none needed
configure:4591: checking whether gcc understands -c and -o together
configure:4628: result: yes
configure:4674: checking build system type
configure:4688: result: x86_64-unknown-linux-gnu
configure:4708: checking host system type
configure:4721: result: x86_64-unknown-linux-gnu
configure:4762: checking how to print strings
configure:4789: result: printf
configure:4810: checking for a sed that does not truncate output
configure:4874: result: /bin/sed
configure:4892: checking for grep that handles long lines and -e
configure:4950: result: /bin/grep
configure:4955: checking for egrep
configure:5017: result: /bin/grep -E
configure:5022: checking for fgrep
configure:5084: result: /bin/grep -F
configure:5119: checking for ld used by gcc
configure:5186: result: /usr/bin/ld
configure:5193: checking if the linker (/usr/bin/ld) is GNU ld
configure:5208: result: yes
configure:5220: checking for BSD- or MS-compatible name lister (nm)
configure:5274: result: /usr/bin/nm -B
configure:5404: checking the name lister (/usr/bin/nm -B) interface
configure:5411: gcc -c -g -O2  conftest.c >&5
configure:5414: /usr/bin/nm -B "conftest.o"
configure:5417: output
0000000000000000 B some_variable
configure:5424: result: BSD nm
configure:5427: checking whether ln -s works
configure:5431: result: yes
configure:5439: checking the maximum length of command line arguments
configure:5570: result: 1572864
configure:5618: checking how to convert x86_64-unknown-linux-gnu file names to x86_64-unknown-linux-gnu format
configure:5658: result: func_convert_file_noop
configure:5665: checking how to convert x86_64-unknown-linux-gnu file names to toolchain format
configure:5685: result: func_convert_file_noop
configure:5692: checking for /usr/bin/ld option to reload object files
configure:5699: result: -r
configure:5773: checking for objdump
configure:5789: found /usr/bin/objdump
configure:5800: result: objdump
configure:5832: checking how to recognize dependent libraries
configure:6032: result: pass_all
configure:6117: checking for dlltool
configure:6147: result: no
configure:6177: checking how to associate runtime and link libraries
configure:6204: result: printf %s\n
configure:6328: checking for archiver @FILE support
configure:6345: gcc -c -g -O2  conftest.c >&5
configure:6345: $? = 0
configure:6348: ar cru libconftest.a @conftest.lst >&5
ar: `u' modifier ignored since `D' is the default (see `U')
configure:6351: $? = 0
configure:6356: ar cru libconftest.a @conftest.lst >&5
ar: `u' modifier ignored since `D' is the default (see `U')
ar: conftest.o: No such file or directory
configure:6359: $? = 1
configure:6371: result: @
configure:6429: checking for strip
configure:6445: found /usr/bin/strip
configure:6456: result: strip
configure:6528: checking for ranlib
configure:6544: found /usr/bin/ranlib
configure:6555: result: ranlib
configure:6657: checking command to parse /usr/bin/nm -B output from gcc object
configure:6810: gcc -c -g -O2  conftest.c >&5
configure:6813: $? = 0
configure:6817: /usr/bin/nm -B conftest.o \| sed -n -e 's/^.*[ ]\([ABCDGIRSTW][ABCDGIRSTW]*\)[ ][ ]*\([_A-Za-z][_A-Za-z0-9]*\)$/\1 \2 \2/p' | sed '/ __gnu_lto/d' \> conftest.nm
configure:6820: $? = 0
configure:6886: gcc -o conftest -g -O2   conftest.c conftstm.o >&5
configure:6889: $? = 0
configure:6927: result: ok
configure:6974: checking for sysroot
configure:7004: result: no
configure:7011: checking for a working dd
configure:7049: result: /bin/dd
configure:7053: checking how to truncate binary pipes
configure:7068: result: /bin/dd bs=4096 count=1
configure:7204: gcc -c -g -O2  conftest.c >&5
configure:7207: $? = 0
configure:7397: checking for mt
configure:7413: found /bin/mt
configure:7424: result: mt
configure:7447: checking if mt is a manifest tool
configure:7453: mt '-?'
configure:7461: result: no
configure:8138: checking how to run the C preprocessor
configure:8169: gcc -E  conftest.c
configure:8169: $? = 0
configure:8183: gcc -E  conftest.c
conftest.c:11:28: fatal error: ac_nonexistent.h: No such file or directory
compilation terminated.
configure:8183: $? = 1
configure: failed program was:
| /* confdefs.h */
| #define PACKAGE_NAME "Money"
| #define PACKAGE_TARNAME "money"
| #define PACKAGE_VERSION "0.3"
| #define PACKAGE_STRING "Money 0.3"
| #define PACKAGE_BUGREPORT "check-devel AT lists.sourceforge.net"
| #define PACKAGE_URL ""
| #define PACKAGE "money"
| #define VERSION "0.3"
| /* end confdefs.h.  */
| #include <ac_nonexistent.h>
configure:8208: result: gcc -E
configure:8228: gcc -E  conftest.c
configure:8228: $? = 0
configure:8242: gcc -E  conftest.c
conftest.c:11:28: fatal error: ac_nonexistent.h: No such file or directory
compilation terminated.
configure:8242: $? = 1
configure: failed program was:
| /* confdefs.h */
| #define PACKAGE_NAME "Money"
| #define PACKAGE_TARNAME "money"
| #define PACKAGE_VERSION "0.3"
| #define PACKAGE_STRING "Money 0.3"
| #define PACKAGE_BUGREPORT "check-devel AT lists.sourceforge.net"
| #define PACKAGE_URL ""
| #define PACKAGE "money"
| #define VERSION "0.3"
| /* end confdefs.h.  */
| #include <ac_nonexistent.h>
configure:8271: checking for ANSI C header files
configure:8291: gcc -c -g -O2  conftest.c >&5
configure:8291: $? = 0
configure:8364: gcc -o conftest -g -O2   conftest.c  >&5
configure:8364: $? = 0
configure:8364: ./conftest
configure:8364: $? = 0
configure:8375: result: yes
configure:8388: checking for sys/types.h
configure:8388: gcc -c -g -O2  conftest.c >&5
configure:8388: $? = 0
configure:8388: result: yes
configure:8388: checking for sys/stat.h
configure:8388: gcc -c -g -O2  conftest.c >&5
configure:8388: $? = 0
configure:8388: result: yes
configure:8388: checking for stdlib.h
configure:8388: gcc -c -g -O2  conftest.c >&5
configure:8388: $? = 0
configure:8388: result: yes
configure:8388: checking for string.h
configure:8388: gcc -c -g -O2  conftest.c >&5
configure:8388: $? = 0
configure:8388: result: yes
configure:8388: checking for memory.h
configure:8388: gcc -c -g -O2  conftest.c >&5
configure:8388: $? = 0
configure:8388: result: yes
configure:8388: checking for strings.h
configure:8388: gcc -c -g -O2  conftest.c >&5
configure:8388: $? = 0
configure:8388: result: yes
configure:8388: checking for inttypes.h
configure:8388: gcc -c -g -O2  conftest.c >&5
configure:8388: $? = 0
configure:8388: result: yes
configure:8388: checking for stdint.h
configure:8388: gcc -c -g -O2  conftest.c >&5
configure:8388: $? = 0
configure:8388: result: yes
configure:8388: checking for unistd.h
configure:8388: gcc -c -g -O2  conftest.c >&5
configure:8388: $? = 0
configure:8388: result: yes
configure:8402: checking for dlfcn.h
configure:8402: gcc -c -g -O2  conftest.c >&5
configure:8402: $? = 0
configure:8402: result: yes
configure:8658: checking for objdir
configure:8673: result: .libs
configure:8937: checking if gcc supports -fno-rtti -fno-exceptions
configure:8955: gcc -c -g -O2  -fno-rtti -fno-exceptions conftest.c >&5
cc1: warning: command line option '-fno-rtti' is valid for C++/ObjC++ but not for C
configure:8959: $? = 0
configure:8972: result: no
configure:9330: checking for gcc option to produce PIC
configure:9337: result: -fPIC -DPIC
configure:9345: checking if gcc PIC flag -fPIC -DPIC works
configure:9363: gcc -c -g -O2  -fPIC -DPIC -DPIC conftest.c >&5
configure:9367: $? = 0
configure:9380: result: yes
configure:9409: checking if gcc static flag -static works
configure:9437: result: yes
configure:9452: checking if gcc supports -c -o file.o
configure:9473: gcc -c -g -O2  -o out/conftest2.o conftest.c >&5
configure:9477: $? = 0
configure:9499: result: yes
configure:9507: checking if gcc supports -c -o file.o
configure:9554: result: yes
configure:9587: checking whether the gcc linker (/usr/bin/ld -m elf_x86_64) supports shared libraries
configure:10846: result: yes
configure:10883: checking whether -lc should be explicitly linked in
configure:10891: gcc -c -g -O2  conftest.c >&5
configure:10894: $? = 0
configure:10909: gcc -shared  -fPIC -DPIC conftest.o  -v -Wl,-soname -Wl,conftest -o conftest 2\>\&1 \| /bin/grep  -lc  \>/dev/null 2\>\&1
configure:10912: $? = 0
configure:10926: result: no
configure:11086: checking dynamic linker characteristics
configure:11667: gcc -o conftest -g -O2   -Wl,-rpath -Wl,/foo conftest.c  >&5
configure:11667: $? = 0
configure:11904: result: GNU/Linux ld.so
configure:12026: checking how to hardcode library paths into programs
configure:12051: result: immediate
configure:12599: checking whether stripping libraries is possible
configure:12604: result: yes
configure:12639: checking if libtool supports shared libraries
configure:12641: result: yes
configure:12644: checking whether to build shared libraries
configure:12669: result: yes
configure:12672: checking whether to build static libraries
configure:12676: result: yes
configure:12717: WARNING: AM_PATH_CHECK() is deprecated
configure:12719: WARNING: use PKG_CHECK_MODULES([CHECK], [check >= 0.9.4]) instead
configure:12730: checking for check - version >= 0.9.0
configure:12805: gcc -c -g -O2   conftest.c >&5
conftest.c: In function 'main':
conftest.c:63:3: warning: ignoring return value of 'system', declared with attribute warn_unused_result [-Wunused-result]
   system ("touch conf.check-test");
   ^
configure:12805: $? = 0
configure:12816: result: yes
configure:12879: checking for library containing pthread_create
configure:12910: gcc -o conftest -g -O2   conftest.c  >&5
/tmp/cc47jblT.o: In function `main':
/home/qi203/TDD/Example1/Ex1/conftest.c:34: undefined reference to `pthread_create'
collect2: error: ld returned 1 exit status
configure:12910: $? = 1
configure: failed program was:
| /* confdefs.h */
| #define PACKAGE_NAME "Money"
| #define PACKAGE_TARNAME "money"
| #define PACKAGE_VERSION "0.3"
| #define PACKAGE_STRING "Money 0.3"
| #define PACKAGE_BUGREPORT "check-devel AT lists.sourceforge.net"
| #define PACKAGE_URL ""
| #define PACKAGE "money"
| #define VERSION "0.3"
| #define STDC_HEADERS 1
| #define HAVE_SYS_TYPES_H 1
| #define HAVE_SYS_STAT_H 1
| #define HAVE_STDLIB_H 1
| #define HAVE_STRING_H 1
| #define HAVE_MEMORY_H 1
| #define HAVE_STRINGS_H 1
| #define HAVE_INTTYPES_H 1
| #define HAVE_STDINT_H 1
| #define HAVE_UNISTD_H 1
| #define HAVE_DLFCN_H 1
| #define LT_OBJDIR ".libs/"
| /* end confdefs.h.  */
| 
| /* Override any GCC internal prototype to avoid an error.
|    Use char because int might match the return type of a GCC
|    builtin and then its argument prototype would still apply.  */
| #ifdef __cplusplus
| extern "C"
| #endif
| char pthread_create ();
| int
| main ()
| {
| return pthread_create ();
|   ;
|   return 0;
| }
configure:12910: gcc -o conftest -g -O2   conftest.c -lpthread   >&5
configure:12910: $? = 0
configure:12927: result: -lpthread
configure:12935: checking for floor in -lm
configure:12960: gcc -o conftest -g -O2   conftest.c -lm  -lpthread  >&5
conftest.c:30:6: warning: conflicting types for built-in function 'floor'
 char floor ();
      ^
configure:12960: $? = 0
configure:12969: result: yes
configure:12980: checking for setitimer in -lrt
configure:13005: gcc -o conftest -g -O2   conftest.c -lrt  -lm -lpthread  >&5
configure:13005: $? = 0
configure:13014: result: yes
configure:13025: checking for pthread_create in -lpthread
configure:13050: gcc -o conftest -g -O2   conftest.c -lpthread common -lrt -lm -lpthread  >&5
gcc: error: common: No such file or directory
configure:13050: $? = 1
configure: failed program was:
| /* confdefs.h */
| #define PACKAGE_NAME "Money"
| #define PACKAGE_TARNAME "money"
| #define PACKAGE_VERSION "0.3"
| #define PACKAGE_STRING "Money 0.3"
| #define PACKAGE_BUGREPORT "check-devel AT lists.sourceforge.net"
| #define PACKAGE_URL ""
| #define PACKAGE "money"
| #define VERSION "0.3"
| #define STDC_HEADERS 1
| #define HAVE_SYS_TYPES_H 1
| #define HAVE_SYS_STAT_H 1
| #define HAVE_STDLIB_H 1
| #define HAVE_STRING_H 1
| #define HAVE_MEMORY_H 1
| #define HAVE_STRINGS_H 1
| #define HAVE_INTTYPES_H 1
| #define HAVE_STDINT_H 1
| #define HAVE_UNISTD_H 1
| #define HAVE_DLFCN_H 1
| #define LT_OBJDIR ".libs/"
| #define HAVE_LIBM 1
| #define HAVE_LIBRT 1
| /* end confdefs.h.  */
| 
| /* Override any GCC internal prototype to avoid an error.
|    Use char because int might match the return type of a GCC
|    builtin and then its argument prototype would still apply.  */
| #ifdef __cplusplus
| extern "C"
| #endif
| char pthread_create ();
| int
| main ()
| {
| return pthread_create ();
|   ;
|   return 0;
| }
configure:13059: result: no
configure:13071: checking for ANSI C header files
configure:13175: result: yes
configure:13185: checking for stdlib.h
configure:13185: result: yes
configure:13201: checking for stdlib.h
configure:13201: result: yes
configure:13211: checking for GNU libc compatible malloc
configure:13235: gcc -o conftest -g -O2   conftest.c -lrt -lm -lpthread  >&5
configure:13235: $? = 0
configure:13235: ./conftest
configure:13235: $? = 0
configure:13245: result: yes
configure:13383: checking that generated files are newer than configure
configure:13389: result: done
configure:13412: creating ./config.status

## ---------------------- ##
## Running config.status. ##
## ---------------------- ##

This file was extended by Money config.status 0.3, which was
generated by GNU Autoconf 2.69.  Invocation command line was

  CONFIG_FILES    = 
  CONFIG_HEADERS  = 
  CONFIG_LINKS    = 
  CONFIG_COMMANDS = 
  $ ./config.status 

on qi203-HP-ENVY-TS-15-Notebook-PC

config.status:1093: creating Makefile
config.status:1093: creating src/Makefile
config.status:1093: creating tests/Makefile
config.status:1093: creating config.h
config.status:1274: config.h is unchanged
config.status:1322: executing depfiles commands
config.status:1322: executing libtool commands

## ---------------- ##
## Cache variables. ##
## ---------------- ##

ac_cv_build=x86_64-unknown-linux-gnu
ac_cv_c_compiler_gnu=yes
ac_cv_env_CC_set=
ac_cv_env_CC_value=
ac_cv_env_CFLAGS_set=
ac_cv_env_CFLAGS_value=
ac_cv_env_CPPFLAGS_set=
ac_cv_env_CPPFLAGS_value=
ac_cv_env_CPP_set=
ac_cv_env_CPP_value=
ac_cv_env_LDFLAGS_set=
ac_cv_env_LDFLAGS_value=
ac_cv_env_LIBS_set=
ac_cv_env_LIBS_value=
ac_cv_env_LT_SYS_LIBRARY_PATH_set=
ac_cv_env_LT_SYS_LIBRARY_PATH_value=
ac_cv_env_build_alias_set=
ac_cv_env_build_alias_value=
ac_cv_env_host_alias_set=
ac_cv_env_host_alias_value=
ac_cv_env_target_alias_set=
ac_cv_env_target_alias_value=
ac_cv_func_malloc_0_nonnull=yes
ac_cv_header_dlfcn_h=yes
ac_cv_header_inttypes_h=yes
ac_cv_header_memory_h=yes
ac_cv_header_stdc=yes
ac_cv_header_stdint_h=yes
ac_cv_header_stdlib_h=yes
ac_cv_header_string_h=yes
ac_cv_header_strings_h=yes
ac_cv_header_sys_stat_h=yes
ac_cv_header_sys_types_h=yes
ac_cv_header_unistd_h=yes
ac_cv_host=x86_64-unknown-linux-gnu
ac_cv_lib_m_floor=yes
ac_cv_lib_pthread_pthread_create=no
ac_cv_lib_rt_setitimer=yes
ac_cv_objext=o
ac_cv_path_EGREP='/bin/grep -E'
ac_cv_path_FGREP='/bin/grep -F'
ac_cv_path_GREP=/bin/grep
ac_cv_path_SED=/bin/sed
ac_cv_path_install='/usr/bin/install -c'
ac_cv_path_lt_DD=/bin/dd
ac_cv_path_mkdir=/bin/mkdir
ac_cv_prog_AWK=mawk
ac_cv_prog_CPP='gcc -E'
ac_cv_prog_ac_ct_AR=ar
ac_cv_prog_ac_ct_CC=gcc
ac_cv_prog_ac_ct_MANIFEST_TOOL=mt
ac_cv_prog_ac_ct_OBJDUMP=objdump
ac_cv_prog_ac_ct_RANLIB=ranlib
ac_cv_prog_ac_ct_STRIP=strip
ac_cv_prog_cc_c89=
ac_cv_prog_cc_g=yes
ac_cv_prog_make_make_set=yes
ac_cv_search_pthread_create=-lpthread
am_cv_CC_dependencies_compiler_type=gcc3
am_cv_ar_interface=ar
am_cv_make_support_nested_variables=yes
am_cv_prog_cc_c_o=yes
lt_cv_ar_at_file=@
lt_cv_archive_cmds_need_lc=no
lt_cv_deplibs_check_method=pass_all
lt_cv_file_magic_cmd='$MAGIC_CMD'
lt_cv_file_magic_test_file=
lt_cv_ld_reload_flag=-r
lt_cv_nm_interface='BSD nm'
lt_cv_objdir=.libs
lt_cv_path_LD=/usr/bin/ld
lt_cv_path_NM='/usr/bin/nm -B'
lt_cv_path_mainfest_tool=no
lt_cv_prog_compiler_c_o=yes
lt_cv_prog_compiler_pic='-fPIC -DPIC'
lt_cv_prog_compiler_pic_works=yes
lt_cv_prog_compiler_rtti_exceptions=no
lt_cv_prog_compiler_static_works=yes
lt_cv_prog_gnu_ld=yes
lt_cv_sharedlib_from_linklib_cmd='printf %s\n'
lt_cv_shlibpath_overrides_runpath=no
lt_cv_sys_global_symbol_pipe='sed -n -e '\''s/^.*[	 ]\([ABCDGIRSTW][ABCDGIRSTW]*\)[	 ][	 ]*\([_A-Za-z][_A-Za-z0-9]*\)$/\1 \2 \2/p'\'' | sed '\''/ __gnu_lto/d'\'''
lt_cv_sys_global_symbol_to_c_name_address='sed -n -e '\''s/^: \(.*\) .*$/  {"\1", (void *) 0},/p'\'' -e '\''s/^[ABCDGIRSTW][ABCDGIRSTW]* .* \(.*\)$/  {"\1", (void *) \&\1},/p'\'''
lt_cv_sys_global_symbol_to_c_name_address_lib_prefix='sed -n -e '\''s/^: \(.*\) .*$/  {"\1", (void *) 0},/p'\'' -e '\''s/^[ABCDGIRSTW][ABCDGIRSTW]* .* \(lib.*\)$/  {"\1", (void *) \&\1},/p'\'' -e '\''s/^[ABCDGIRSTW][ABCDGIRSTW]* .* \(.*\)$/  {"lib\1", (void *) \&\1},/p'\'''
lt_cv_sys_global_symbol_to_cdecl='sed -n -e '\''s/^T .* \(.*\)$/extern int \1();/p'\'' -e '\''s/^[ABCDGIRSTW][ABCDGIRSTW]* .* \(.*\)$/extern char \1;/p'\'''
lt_cv_sys_global_symbol_to_import=
lt_cv_sys_max_cmd_len=1572864
lt_cv_to_host_file_cmd=func_convert_file_noop
lt_cv_to_tool_file_cmd=func_convert_file_noop
lt_cv_truncate_bin='/bin/dd bs=4096 count=1'

## ----------------- ##
## Output variables. ##
## ----------------- ##

ACLOCAL='${SHELL} /home/qi203/TDD/Example1/Ex1/missing aclocal-1.15'
AMDEPBACKSLASH='\'
AMDEP_FALSE='#'
AMDEP_TRUE=''
AMTAR='$${TAR-tar}'
AM_BACKSLASH='\'
AM_DEFAULT_V='$(AM_DEFAULT_VERBOSITY)'
AM_DEFAULT_VERBOSITY='1'
AM_V='$(V)'
AR='ar'
AUTOCONF='${SHELL} /home/qi203/TDD/Example1/Ex1/missing autoconf'
AUTOHEADER='${SHELL} /home/qi203/TDD/Example1/Ex1/missing autoheader'
AUTOMAKE='${SHELL} /home/qi203/TDD/Example1/Ex1/missing automake-1.15'
AWK='mawk'
CC='gcc'
CCDEPMODE='depmode=gcc3'
CFLAGS='-g -O2'
CHECK_CFLAGS=''
CHECK_LIBS='-lcheck'
CPP='gcc -E'
CPPFLAGS=''
CYGPATH_W='echo'
DEFS='-DHAVE_CONFIG_H'
DEPDIR='.deps'
DLLTOOL='false'
DSYMUTIL=''
DUMPBIN=''
ECHO_C=''
ECHO_N='-n'
ECHO_T=''
EGREP='/bin/grep -E'
EXEEXT=''
FGREP='/bin/grep -F'
GREP='/bin/grep'
INSTALL_DATA='${INSTALL} -m 644'
INSTALL_PROGRAM='${INSTALL}'
INSTALL_SCRIPT='${INSTALL}'
INSTALL_STRIP_PROGRAM='$(install_sh) -c -s'
LD='/usr/bin/ld -m elf_x86_64'
LDFLAGS=''
LIBOBJS=''
LIBS='-lrt -lm -lpthread '
LIBTOOL='$(SHELL) $(top_builddir)/libtool'
LIPO=''
LN_S='ln -s'
LTLIBOBJS=''
LT_SYS_LIBRARY_PATH=''
MAKEINFO='${SHELL} /home/qi203/TDD/Example1/Ex1/missing makeinfo'
MANIFEST_TOOL=':'
MKDIR_P='/bin/mkdir -p'
NM='/usr/bin/nm -B'
NMEDIT=''
OBJDUMP='objdump'
OBJEXT='o'
OTOOL64=''
OTOOL=''
PACKAGE='money'
PACKAGE_BUGREPORT='check-devel AT lists.sourceforge.net'
PACKAGE_NAME='Money'
PACKAGE_STRING='Money 0.3'
PACKAGE_TARNAME='money'
PACKAGE_URL=''
PACKAGE_VERSION='0.3'
PATH_SEPARATOR=':'
RANLIB='ranlib'
SED='/bin/sed'
SET_MAKE=''
SHELL='/bin/bash'
STRIP='strip'
VERSION='0.3'
ac_ct_AR='ar'
ac_ct_CC='gcc'
ac_ct_DUMPBIN=''
am__EXEEXT_FALSE=''
am__EXEEXT_TRUE='#'
am__fastdepCC_FALSE='#'
am__fastdepCC_TRUE=''
am__include='include'
am__isrc=''
am__leading_dot='.'
am__nodep='_no'
am__quote=''
am__tar='$${TAR-tar} chof - "$$tardir"'
am__untar='$${TAR-tar} xf -'
bindir='${exec_prefix}/bin'
build='x86_64-unknown-linux-gnu'
build_alias=''
build_cpu='x86_64'
build_os='linux-gnu'
build_vendor='unknown'
datadir='${datarootdir}'
datarootdir='${prefix}/share'
docdir='${datarootdir}/doc/${PACKAGE_TARNAME}'
dvidir='${docdir}'
exec_prefix='${prefix}'
host='x86_64-unknown-linux-gnu'
host_alias=''
host_cpu='x86_64'
host_os='linux-gnu'
host_vendor='unknown'
htmldir='${docdir}'
includedir='${prefix}/include'
infodir='${datarootdir}/info'
install_sh='${SHELL} /home/qi203/TDD/Example1/Ex1/install-sh'
libdir='${exec_prefix}/lib'
libexecdir='${exec_prefix}/libexec'
localedir='${datarootdir}/locale'
localstatedir='${prefix}/var'
mandir='${datarootdir}/man'
mkdir_p='$(MKDIR_P)'
oldincludedir='/usr/include'
pdfdir='${docdir}'
prefix='/usr/local'
program_transform_name='s,x,x,'
psdir='${docdir}'
sbindir='${exec_prefix}/sbin'
sharedstatedir='${prefix}/com'
sysconfdir='${prefix}/etc'
target_alias=''

## ----------- ##
## confdefs.h. ##
## ----------- ##

/* confdefs.h */
#define PACKAGE_NAME "Money"
#define PACKAGE_TARNAME "money"
#define PACKAGE_VERSION "0.3"
#define PACKAGE_STRING "Money 0.3"
#define PACKAGE_BUGREPORT "check-devel AT lists.sourceforge.net"
#define PACKAGE_URL ""
#define PACKAGE "money"
#define VERSION "0.3"
#define STDC_HEADERS 1
#define HAVE_SYS_TYPES_H 1
#define HAVE_SYS_STAT_H 1
#define HAVE_STDLIB_H 1
#define HAVE_STRING_H 1
#define HAVE_MEMORY_H 1
#define HAVE_STRINGS_H 1
#define HAVE_INTTYPES_H 1
#define HAVE_STDINT_H 1
#define HAVE_UNISTD_H 1
#define HAVE_DLFCN_H 1
#define LT_OBJDIR ".libs/"
#define HAVE_LIBM 1
#define HAVE_LIBRT 1
#define STDC_HEADERS 1
#define HAVE_STDLIB_H 1
#define HAVE_STDLIB_H 1
#define HAVE_MALLOC 1

configure: exit 0
